<?xml version="1.0" encoding="UTF-8"?>
<!-- Generated by org.testng.reporters.JUnitReportReporter -->
<testsuite hostname="SG0705845344703" failures="0" tests="3" name="TestNG.Into_TestNG3_parameterization" time="0.006" errors="0" timestamp="2022-05-26T19:38:06 IST" skipped="0">
  <testcase classname="TestNG.Into_TestNG3_parameterization" name="printdata" time="0.001"/>
  <system-out/>
  <testcase classname="TestNG.Into_TestNG3_parameterization" name="printdata" time="0.001"/>
  <system-out/>
  <testcase classname="TestNG.Into_TestNG3_parameterization" name="printdata" time="0.004"/>
  <system-out/>
</testsuite> <!-- TestNG.Into_TestNG3_parameterization -->
