<?xml version="1.0" encoding="UTF-8"?>
<!-- Generated by org.testng.reporters.JUnitReportReporter -->
<testsuite hostname="SG0705845344703" failures="0" tests="1" name="Streams" time="0.007" errors="0" timestamp="2022-04-26T08:17:09 IST" skipped="0">
  <testcase classname="Streams" name="streamCollect" time="0.007"/>
  <system-out/>
</testsuite> <!-- Streams -->
