<?xml version="1.0" encoding="UTF-8"?>
<!-- Generated by org.testng.reporters.JUnitReportReporter -->
<testsuite hostname="SG0705845344703" failures="0" tests="1" name="TestNG.Intro_TestNG" time="0.005" errors="0" timestamp="2022-05-26T20:36:52 IST" skipped="0">
  <testcase classname="TestNG.Intro_TestNG" name="Method1" time="0.005"/>
  <system-out/>
</testsuite> <!-- TestNG.Intro_TestNG -->
