<?xml version="1.0" encoding="UTF-8"?>
<!-- Generated by org.testng.reporters.JUnitReportReporter -->
<testsuite hostname="SG0705845344703" failures="0" tests="10" name="TestNG.Intro_TestNG2" time="0.014" errors="0" timestamp="2022-05-26T20:36:52 IST" skipped="1">
  <testcase classname="TestNG.Intro_TestNG2" name="Method4" time="0.001"/>
  <system-out/>
  <testcase classname="TestNG.Intro_TestNG2" name="Method3" time="0.005"/>
  <system-out/>
  <testcase classname="TestNG.Intro_TestNG2" name="Method5" time="0.001"/>
  <system-out/>
  <testcase classname="TestNG.Intro_TestNG2" name="Method7" time="0.003"/>
  <system-out/>
  <testcase classname="TestNG.Intro_TestNG2" name="Method8" time="0.001"/>
  <system-out/>
  <testcase classname="TestNG.Intro_TestNG2" name="Method33" time="0.001"/>
  <system-out/>
  <testcase classname="TestNG.Intro_TestNG2" name="printdata" time="0.001"/>
  <system-out/>
  <testcase classname="TestNG.Intro_TestNG2" name="printdata" time="0.000"/>
  <system-out/>
  <testcase classname="TestNG.Intro_TestNG2" name="printdata" time="0.001"/>
  <system-out/>
  <testcase classname="TestNG.Intro_TestNG2" name="Method6">
    <skipped/>
  </testcase> <!-- Method6 -->
  <system-out/>
</testsuite> <!-- TestNG.Intro_TestNG2 -->
